<?xml version="1.0" encoding="UTF-8"?>
<!-- Generated by org.testng.reporters.JUnitReportReporter -->
<testsuite skipped="0" hostname="DESKTOP-VG7FOF4" name="test.LoginTest" tests="1" failures="0" timestamp="2023-03-08T08:03:54 IST" time="14.097" errors="0">
  <testcase name="login" time="14.097" classname="test.LoginTest"/>
  <system-out/>
</testsuite> <!-- test.LoginTest -->
